0 info it worked if it ends with ok
1 verbose cli [ '/usr/local/bin/node', '/usr/local/bin/npm', 'run', 'ui' ]
2 info using npm@3.10.10
3 info using node@v6.9.4
4 verbose run-script [ 'preui', 'ui', 'postui' ]
5 info lifecycle pod_base_communication@1.0.0~preui: pod_base_communication@1.0.0
6 verbose lifecycle pod_base_communication@1.0.0~preui: unsafe-perm in lifecycle true
7 verbose lifecycle pod_base_communication@1.0.0~preui: PATH: /usr/local/lib/node_modules/npm/bin/node-gyp-bin:/home/aniruddha/Documents/Github/pod_base_communication/Base/node_modules/.bin:/home/aniruddha/Android/Sdk/tools:/home/aniruddha/Android/Sdk:/home/aniruddha/Android/Sdk/platform-tools:/home/aniruddha/.rvm/gems/ruby-2.3.3/bin:/home/aniruddha/.rvm/gems/ruby-2.3.3@global/bin:/home/aniruddha/.rvm/rubies/ruby-2.3.3/bin:/home/aniruddha/Android/Sdk/tools:/home/aniruddha/Android/Sdk:/home/aniruddha/Android/Sdk/platform-tools:/home/aniruddha/bin:/home/aniruddha/.local/bin:/usr/local/sbin:/usr/local/bin:/usr/sbin:/usr/bin:/sbin:/bin:/usr/games:/usr/local/games:/snap/bin:/home/aniruddha/.rvm/bin:/home/aniruddha/.rvm/bin:/home/aniruddha/.rvm/bin
8 verbose lifecycle pod_base_communication@1.0.0~preui: CWD: /home/aniruddha/Documents/Github/pod_base_communication/Base
9 silly lifecycle pod_base_communication@1.0.0~preui: Args: [ '-c', 'cd ui; gulp build-all' ]
10 silly lifecycle pod_base_communication@1.0.0~preui: Returned: code: 0  signal: null
11 info lifecycle pod_base_communication@1.0.0~ui: pod_base_communication@1.0.0
12 verbose lifecycle pod_base_communication@1.0.0~ui: unsafe-perm in lifecycle true
13 verbose lifecycle pod_base_communication@1.0.0~ui: PATH: /usr/local/lib/node_modules/npm/bin/node-gyp-bin:/home/aniruddha/Documents/Github/pod_base_communication/Base/node_modules/.bin:/home/aniruddha/Android/Sdk/tools:/home/aniruddha/Android/Sdk:/home/aniruddha/Android/Sdk/platform-tools:/home/aniruddha/.rvm/gems/ruby-2.3.3/bin:/home/aniruddha/.rvm/gems/ruby-2.3.3@global/bin:/home/aniruddha/.rvm/rubies/ruby-2.3.3/bin:/home/aniruddha/Android/Sdk/tools:/home/aniruddha/Android/Sdk:/home/aniruddha/Android/Sdk/platform-tools:/home/aniruddha/bin:/home/aniruddha/.local/bin:/usr/local/sbin:/usr/local/bin:/usr/sbin:/usr/bin:/sbin:/bin:/usr/games:/usr/local/games:/snap/bin:/home/aniruddha/.rvm/bin:/home/aniruddha/.rvm/bin:/home/aniruddha/.rvm/bin
14 verbose lifecycle pod_base_communication@1.0.0~ui: CWD: /home/aniruddha/Documents/Github/pod_base_communication/Base
15 silly lifecycle pod_base_communication@1.0.0~ui: Args: [ '-c', 'node ui/server_forpy.js' ]
16 silly lifecycle pod_base_communication@1.0.0~ui: Returned: code: 1  signal: null
17 info lifecycle pod_base_communication@1.0.0~ui: Failed to exec ui script
18 verbose stack Error: pod_base_communication@1.0.0 ui: `node ui/server_forpy.js`
18 verbose stack Exit status 1
18 verbose stack     at EventEmitter.<anonymous> (/usr/local/lib/node_modules/npm/lib/utils/lifecycle.js:255:16)
18 verbose stack     at emitTwo (events.js:106:13)
18 verbose stack     at EventEmitter.emit (events.js:191:7)
18 verbose stack     at ChildProcess.<anonymous> (/usr/local/lib/node_modules/npm/lib/utils/spawn.js:40:14)
18 verbose stack     at emitTwo (events.js:106:13)
18 verbose stack     at ChildProcess.emit (events.js:191:7)
18 verbose stack     at maybeClose (internal/child_process.js:877:16)
18 verbose stack     at Process.ChildProcess._handle.onexit (internal/child_process.js:226:5)
19 verbose pkgid pod_base_communication@1.0.0
20 verbose cwd /home/aniruddha/Documents/Github/pod_base_communication/Base
21 error Linux 4.10.0-28-generic
22 error argv "/usr/local/bin/node" "/usr/local/bin/npm" "run" "ui"
23 error node v6.9.4
24 error npm  v3.10.10
25 error code ELIFECYCLE
26 error pod_base_communication@1.0.0 ui: `node ui/server_forpy.js`
26 error Exit status 1
27 error Failed at the pod_base_communication@1.0.0 ui script 'node ui/server_forpy.js'.
27 error Make sure you have the latest version of node.js and npm installed.
27 error If you do, this is most likely a problem with the pod_base_communication package,
27 error not with npm itself.
27 error Tell the author that this fails on your system:
27 error     node ui/server_forpy.js
27 error You can get information on how to open an issue for this project with:
27 error     npm bugs pod_base_communication
27 error Or if that isn't available, you can get their info via:
27 error     npm owner ls pod_base_communication
27 error There is likely additional logging output above.
28 verbose exit [ 1, true ]
